C51 COMPILER V9.00   MAIN                                                                  12/14/2019 10:12:12 PAGE 1   


C51 COMPILER V9.00, COMPILATION OF MODULE MAIN
OBJECT MODULE PLACED IN main.OBJ
COMPILER INVOKED BY: G:\Keil\C51\BIN\C51.EXE main.c BROWSE DEBUG OBJECTEXTEND

line level    source

   1          #include <reg52.h>
   2          sbit SG_PWM=P0^0;
   3          unsigned char count=0;
   4          unsigned char PWM_count=3;                  //1--0度，2--45度，3--90度，4--135度，5--180度
   5          unsigned char a=0;
   6          void Timer_Init()
   7          {
   8   1        TMOD=0X01;      //T0定时方式1
   9   1        TH0=0Xfe;
  10   1        TL0=0X33;       //计数初值设置为0.5ms
  11   1        ET0=1;          //打开定时器0的中断
  12   1        TR0=1;          //打开定时器0
  13   1        EA=1;           //开总中断
  14   1      }
  15          void Timer() interrupt 1      //特别注意此处，0--外部中断0，1--定时器中断0，2--外部中断1，3--定时器中断1，
             -4--串行口中断1
  16          {
  17   1        TR0=0;
  18   1        TH0=0Xfe;
  19   1        TL0=0X33;       //重新赋计数初值为0.5ms
  20   1        if(count<=PWM_count)
  21   1        {
  22   2          SG_PWM=1;
  23   2        }
  24   1        else
  25   1        {
  26   2          SG_PWM=0;
  27   2        }
  28   1        count++;
  29   1        if(count>=40)
  30   1        {
  31   2          count=0;
  32   2          a++;
  33   2        }
  34   1        TR0=1;
  35   1      }
  36          void main()
  37          {
  38   1        Timer_Init();
  39   1        while(1)
  40   1        {
  41   2            if(a==16)                             //20是比较舒服的连贯动作，20以上动作些许不连贯，10的时候出现打
             -架情况，15的时候打架几乎没有，16比较完美
  42   2            {
  43   3              PWM_count=1;
  44   3            }
  45   2            if(a==32)
  46   2            {
  47   3              PWM_count=3;
  48   3              a=0;
  49   3            }
  50   2        }
  51   1      }


C51 COMPILER V9.00   MAIN                                                                  12/14/2019 10:12:12 PAGE 2   

MODULE INFORMATION:   STATIC OVERLAYABLE
   CODE SIZE        =     86    ----
   CONSTANT SIZE    =   ----    ----
   XDATA SIZE       =   ----    ----
   PDATA SIZE       =   ----    ----
   DATA SIZE        =      3    ----
   IDATA SIZE       =   ----    ----
   BIT SIZE         =   ----    ----
END OF MODULE INFORMATION.


C51 COMPILATION COMPLETE.  0 WARNING(S),  0 ERROR(S)
