C51 COMPILER V9.00   MAIN                                                                  12/20/2019 09:08:16 PAGE 1   


C51 COMPILER V9.00, COMPILATION OF MODULE MAIN
OBJECT MODULE PLACED IN main.OBJ
COMPILER INVOKED BY: G:\Keil\C51\BIN\C51.EXE main.c BROWSE DEBUG OBJECTEXTEND

line level    source

   1          #include <reg52.h>
   2          #define uchar unsigned char
   3          #define uint unsigned int
   4          
   5          sbit HC_SR501_out = P1 ^ 7;
   6          sbit D7 = P2 ^ 6;
   7          sbit beep = P1 ^ 5;
   8          
   9          
  10          void delay(uint z)
  11          {
  12   1              uint i, j;
  13   1              for (i = z; i > 0; i--)
  14   1                      for (j = 110; j > 0; j--);
  15   1      }
  16          
  17          void main() {
  18   1              while (1) {
  19   2                      if (HC_SR501_out == 1) {
  20   3                              unsigned char m;
  21   3                              for (m = 20; m > 0; m--) {
  22   4                                      beep = ~beep;
  23   4                                      D7 = ~D7;
  24   4                                      delay(500);
  25   4                              }
  26   3                      }
  27   2              }
  28   1      }
  29          


MODULE INFORMATION:   STATIC OVERLAYABLE
   CODE SIZE        =     58    ----
   CONSTANT SIZE    =   ----    ----
   XDATA SIZE       =   ----    ----
   PDATA SIZE       =   ----    ----
   DATA SIZE        =   ----       1
   IDATA SIZE       =   ----    ----
   BIT SIZE         =   ----    ----
END OF MODULE INFORMATION.


C51 COMPILATION COMPLETE.  0 WARNING(S),  0 ERROR(S)
